0.518765687943 0.481234312057 1
0.55699390173 0.443006038666 1
0.489920049906 0.510079979897 1
0.47639131546 0.52360868454 0
0.53217446804 0.467825502157 0
0.495374470949 0.504625499249 0
0.505611300468 0.494388729334 0
0.637145280838 0.362854748964 0
0.492104321718 0.507895648479 0
0.509272515774 0.490727424622 0
0.481938064098 0.518061935902 0
0.545337736607 0.454662233591 0
0.507164955139 0.492834985256 0
0.520752847195 0.479247152805 0
0.567945837975 0.432054191828 1
0.513360202312 0.486639708281 0
0.433263391256 0.566736638546 0
0.520849466324 0.479150533676 0
0.448344171047 0.551655828953 0
0.522318899632 0.477681070566 0
0.457996875048 0.54200309515 0
0.546143233776 0.453856825829 0