0.581901550293 0.418098479509 0
0.416408985853 0.583590984344 1
0.496512919664 0.503487110138 0
0.472294807434 0.527705192566 1
0.533061504364 0.466938495636 0
0.512659668922 0.487340331078 0
0.469613820314 0.530386209488 0
0.414800792933 0.585199296474 0
0.535185456276 0.464814513922 0
0.534174799919 0.465825289488 1
0.545979201794 0.454020828009 0
0.479710489511 0.520289599895 1
0.48736846447 0.51263153553 0
0.488802552223 0.511197507381 0
0.516641080379 0.483358919621 1
0.496795713902 0.503204226494 0
0.548794329166 0.451205641031 1
0.589685320854 0.410314679146 0
0.463185161352 0.53681486845 0
0.444549441338 0.555450499058 0
0.488089084625 0.511910974979 1
0.461624890566 0.538375079632 0
0.515044867992 0.484955191612 0
0.492928862572 0.507071077824 1
0.525102257729 0.474897712469 0
0.552034854889 0.447965115309 0
0.465200722218 0.534799218178 0
0.454183787107 0.545816123486 0
0.570513248444 0.429486751556 0
0.476272821426 0.523727238178 0
0.584045469761 0.415954530239 0
0.466367065907 0.533632993698 1
0.529393911362 0.470606088638 0
0.568066298962 0.431933701038 1
0.49834471941 0.50165528059 0
0.545282423496 0.454717665911 1
0.557020306587 0.442979723215 1
0.512115001678 0.487884908915 0
0.522103726864 0.477896273136 0
0.439029067755 0.560970962048 0
0.50078779459 0.499212235212 1
0.488049030304 0.511950969696 0
0.503980994225 0.49601906538 1
0.563447415829 0.436552584171 0
0.503822982311 0.496177077293 0
0.544613003731 0.455386966467 0
0.521034002304 0.478965997696 1
0.476394712925 0.52360522747 0