0.559527039528 0.440473049879 0
0.503504693508 0.496495336294 1
0.511354804039 0.488645195961 1
0.448319047689 0.551680982113 0
0.454415500164 0.545584499836 0
0.475002318621 0.524997711182 0
0.548626601696 0.451373428106 0
0.482428640127 0.51757133007 1
0.479729145765 0.520270764828 0
0.588285386562 0.411714702845 0
0.549626588821 0.450373440981 0
0.397587656975 0.602412283421 0
0.580165803432 0.419834166765 0
0.485776364803 0.514223635197 0
0.523109853268 0.476890236139 0
0.482920020819 0.517079949379 0
0.537784099579 0.462215930223 1
0.505408167839 0.494591772556 0
0.491196632385 0.50880330801 0
0.59770077467 0.402299195528 0
0.451170265675 0.548829734325 0
0.488800644875 0.511199295521 0
0.491934716702 0.508065342903 1
0.517453432083 0.482546567917 1
0.55785381794 0.44214618206 0
0.514919996262 0.485080033541 1
0.530211567879 0.469788372517 1
0.488917261362 0.511082708836 0
0.483965426683 0.516034603119 0
0.533652424812 0.466347664595 0
0.522899031639 0.477100998163 0
0.529725909233 0.470274031162 1
0.509684443474 0.490315526724 0
0.494083374739 0.505916655064 0
0.47128584981 0.528714179993 0
0.473284631968 0.526715278625 0
0.47381106019 0.526188910007 0
0.493589162827 0.506410896778 0
0.554840862751 0.445159167051 0
0.442109286785 0.557890713215 0
0.569253265858 0.43074670434 1
0.456657022238 0.54334294796 0
0.476978987455 0.523021042347 1
0.486753463745 0.513246536255 0
0.513472020626 0.486528009176 0
0.437125355005 0.562874615192 0
0.488701194525 0.511298835278 1
0.514374911785 0.485625088215 0
0.480484902859 0.519515097141 0
0.486403614283 0.51359641552 0
0.411443740129 0.588556289673 0
0.448787480593 0.55121254921 0
0.46512144804 0.534878611565 0
0.48269084096 0.517309129238 0
0.498191684484 0.501808285713 0
0.495441585779 0.504558384418 1
0.580553889275 0.419446080923 0
0.545119822025 0.454880148172 0
0.507232487202 0.492767482996 0
0.483516991138 0.516483008862 1
0.535758376122 0.464241683483 0
0.493301570415 0.506698429585 0
0.551543056965 0.448456943035 0
0.523653686047 0.476346373558 0
0.471390366554 0.528609633446 1
0.428972899914 0.571027100086 0
0.553296744823 0.446703314781 0
0.526130616665 0.473869413137 0
0.480364412069 0.519635617733 0
0.429416686296 0.570583343506 0
0.508741736412 0.491258323193 0
0.451454102993 0.548545837402 0
0.529287040234 0.470712929964 1
0.497689932585 0.502310037613 0
0.520276963711 0.479722946882 0
0.506067454815 0.49393248558 0
0.539503216743 0.460496842861 0
0.499248713255 0.500751256943 0
0.540655136108 0.459344893694 1
0.452320963144 0.547679126263 1
0.505078315735 0.494921684265 0
0.533882439137 0.466117560863 0
0.487997323275 0.512002646923 0
0.53232729435 0.467672675848 0
0.504250645638 0.495749294758 1
0.485784828663 0.514215171337 0
0.517282366753 0.48271766305 0
0.568996548653 0.431003421545 0
0.551929354668 0.448070555925 0
0.461257636547 0.538742303848 1
0.53216278553 0.46783721447 0
0.543470919132 0.456529140472 0
0.535389721394 0.464610248804 1
0.476843476295 0.523156523705 0
0.520775198936 0.479224801064 0
0.525907814503 0.474092245102 0
0.5338960886 0.466103941202 0
0.533702135086 0.466297864914 0
0.481864511967 0.518135488033 0
0.523989140987 0.47601082921 0
0.517119288445 0.482880741358 0
0.456060886383 0.543939113617 0
0.538461863995 0.461538136005 1
0.526443719864 0.473556280136 0
0.503922224045 0.496077805758 0
0.491934746504 0.508065283298 0
0.498569995165 0.501429975033 1
0.483960092068 0.516039967537 1
0.539812266827 0.460187673569 1
0.528397083282 0.471602886915 1
0.542903065681 0.457096964121 0
0.489309489727 0.510690510273 0
0.519564032555 0.480435937643 0
0.422507852316 0.577492237091 0
0.490940779448 0.50905919075 0
0.521512806416 0.478487193584 0
0.432681411505 0.567318618298 0
0.46788662672 0.532113313675 0
0.538009881973 0.461990058422 0
0.48406752944 0.515932381153 1
0.523949503899 0.476050406694 1
0.498424738646 0.501575291157 0
0.501316249371 0.498683691025 0
0.511283993721 0.488715976477 0
0.496528625488 0.503471434116 0
0.496340572834 0.503659427166 0
0.492819726467 0.507180213928 0
0.545750141144 0.454249858856 1
0.562210440636 0.437789589167 1
0.459404826164 0.540595173836 0
0.524954080582 0.475045889616 0
0.497469544411 0.502530515194 1
0.500048995018 0.49995097518 0
0.491994738579 0.508005261421 0
0.505333006382 0.494666934013 0
0.597867071629 0.402132928371 1
0.507792651653 0.492207348347 0
0.503848493099 0.496151506901 0
0.518099009991 0.481901079416 0
0.548756361008 0.451243638992 0
0.479004234076 0.520995736122 0
0.500615060329 0.499384969473 0
0.514949738979 0.485050261021 0
0.491891592741 0.508108377457 0
0.527045726776 0.472954273224 0
0.46567645669 0.534323573112 0
0.500414550304 0.499585419893 0
0.542330026627 0.457670032978 0
0.584751009941 0.415248990059 0
0.462960004807 0.537039995193 0
0.493399083614 0.506600856781 0
0.59683150053 0.40316849947 1
0.461179584265 0.538820385933 1
0.524492442608 0.475507587194 0
0.496052384377 0.503947675228 1
0.503863275051 0.496136665344 1
0.465703189373 0.534296870232 0
0.471110761166 0.528889238834 0
0.489727884531 0.510272145271 0
0.544438004494 0.455562025309 0
0.524527430534 0.475472599268 0
0.561186075211 0.438813924789 0
0.532077968121 0.467922091484 1
0.53162753582 0.468372523785 0
0.54249060154 0.45750939846 0
0.49803635478 0.501963675022 1
0.808333754539 0.191666245461 0
0.5008918643 0.4991081357 0
0.496228218079 0.503771781921 0
0.548822760582 0.451177179813 0
0.499457061291 0.500542938709 0
0.503212451935 0.496787518263 0
0.521756589413 0.478243410587 0
0.533366501331 0.466633498669 1
0.492274284363 0.507725656033 0
0.526323020458 0.473676979542 1
0.554822206497 0.445177823305 1
0.51774007082 0.482259988785 1
0.57794713974 0.42205286026 0
0.510163664818 0.489836335182 1
0.511797785759 0.488202184439 0
0.481982469559 0.518017470837 0
0.45211571455 0.547884345055 0
0.527141869068 0.472858160734 0
0.507830858231 0.492169082165 0
0.503214895725 0.496785193682 0
0.597681581974 0.402318388224 1
0.449126750231 0.550873279572 1
0.505135476589 0.494864523411 0
0.508933126926 0.491066932678 0
0.474300563335 0.525699436665 0
0.562156379223 0.437843650579 0
0.473415762186 0.526584327221 1
0.484630614519 0.515369415283 0
0.445437222719 0.554562807083 1
0.430520325899 0.569479644299 0
0.518825769424 0.481174230576 0
0.463990956545 0.536009073257 0
0.441456496716 0.55854344368 1
0.459867745638 0.54013222456 0
0.569920837879 0.430079162121 1
0.476510941982 0.523488998413 0
0.535398960114 0.464601039886 0
0.534902274609 0.465097665787 0
0.512958288193 0.487041771412 0
0.511409521103 0.488590508699 0
0.52887481451 0.471125155687 1
0.514624238014 0.485375732183 0
0.498466551304 0.501533508301 0
0.46243211627 0.537567973137 0
0.503418922424 0.496581077576 1
0.460404604673 0.539595425129 0
0.499087631702 0.500912368298 0
0.545418262482 0.454581707716 0
0.501442313194 0.498557716608 0
0.528758108616 0.471241831779 1
0.536436975002 0.463563084602 0
0.465061038733 0.534938871861 0
0.533045589924 0.466954380274 0
0.499329060316 0.500670969486 0
0.497949123383 0.502050876617 1
0.540080964565 0.459919005632 0
0.463921904564 0.536078035831 0
0.521175444126 0.478824555874 0
0.541253387928 0.458746641874 0
0.531842291355 0.468157708645 0
0.544609427452 0.455390632153 1
0.550712764263 0.449287176132 0
0.571158707142 0.428841292858 1
0.536267399788 0.463732600212 0
0.458719104528 0.541280806065 0
0.473761796951 0.526238262653 0
0.503785669804 0.496214359999 0
0.564270675182 0.435729384422 0
0.517754435539 0.482245564461 1
0.579795658588 0.420204311609 0
0.524537742138 0.475462317467 0
0.482299685478 0.517700254917 0
0.544721961021 0.455277979374 0
0.512441456318 0.487558543682 0
0.513193249702 0.486806690693 0
0.574192583561 0.425807386637 0
0.540016889572 0.459983110428 0
0.522979140282 0.477020919323 0
0.533274292946 0.466725766659 0
0.512021124363 0.487978875637 0
0.564924716949 0.435075312853 0